<?xml version="1.0" encoding="UTF-8"?>
<!-- Generated by org.testng.reporters.JUnitXMLReporter -->
<testsuite hostname="RAKESHKUMAR" ignored="0" name="Add customer test" tests="4" failures="0" timestamp="30 Apr 2019 01:01:03 GMT" time="8.134" errors="0">
  <testcase name="addCustomerTest" time="2.966" classname="com.rakesh.testCases.AddCustomerTest"/>
  <testcase name="addCustomerTest" time="0.001" classname="com.rakesh.testCases.AddCustomerTest">
    <skipped/>
  </testcase> <!-- addCustomerTest -->
  <testcase name="addCustomerTest" time="2.426" classname="com.rakesh.testCases.AddCustomerTest"/>
  <testcase name="addCustomerTest" time="2.508" classname="com.rakesh.testCases.AddCustomerTest"/>
</testsuite> <!-- Add customer test -->
