<?xml version="1.0" encoding="UTF-8"?>
<!-- Generated by org.testng.reporters.JUnitXMLReporter -->
<testsuite hostname="RAKESHKUMAR" ignored="0" name="Bank Manager login test" tests="1" failures="1" timestamp="23 Apr 2019 18:28:23 GMT" time="0.539" errors="0">
  <testcase name="loginAsBankManager" time="0.006" classname="com.rakesh.testCases.BankManagerLoginTest">
    <failure type="java.lang.NullPointerException">
      <![CDATA[java.lang.NullPointerException
	at com.relevantcodes.extentreports.ExtentTest.isPathRelative(ExtentTest.java:502)
	at com.relevantcodes.extentreports.ExtentTest.addScreenCapture(ExtentTest.java:287)
	at com.rakesh.base.TestBase.verifyEquals(TestBase.java:162)
	at com.rakesh.testCases.BankManagerLoginTest.loginAsBankManager(BankManagerLoginTest.java:16)
... Removed 29 stack frames]]>
    </failure>
  </testcase> <!-- loginAsBankManager -->
</testsuite> <!-- Bank Manager login test -->
