<?xml version="1.0" encoding="UTF-8"?>
<testsuite xmlns:xsi="http://www.w3.org/2001/XMLSchema-instance" xsi:noNamespaceSchemaLocation="https://maven.apache.org/surefire/maven-surefire-plugin/xsd/surefire-test-report-3.0.xsd" version="3.0" name="TestSuite" time="12.19" tests="2" errors="0" skipped="0" failures="1">
  <properties>
[...]
</properties>
  <testcase name="loginAsBankManager" classname="com.rakesh.testCases.BankManagerLoginTest" time="3.396">
    <failure message="Login not executed successfully" type="java.lang.AssertionError">java.lang.AssertionError: Login not executed successfully
	at com.rakesh.testCases.BankManagerLoginTest.loginAsBankManager(BankManagerLoginTest.java:26)
</failure>
    <system-err><![CDATA[log4j:WARN No appenders could be found for logger (devpinoyLogger).
log4j:WARN Please initialize the log4j system properly.
log4j:WARN See http://logging.apache.org/log4j/1.2/faq.html#noconfig for more info.
Starting ChromeDriver 73.0.3683.68 (47787ec04b6e38e22703e856e101e840b65afe72) on port 38439
Only local connections are allowed.
Please protect ports used by ChromeDriver and related test frameworks to prevent access by malicious code.
]]></system-err>
  </testcase>
  <testcase name="AddCustomer" classname="com.rakesh.testCases.AddCustomerTest" time="0.732"/>
</testsuite>