<?xml version="1.0" encoding="UTF-8"?>
<testng-results skipped="2" failed="0" ignored="0" total="9" passed="7">
  <reporter-output>
  </reporter-output>
  <suite name="Data Driven Basics" duration-ms="19873" started-at="2019-04-30T01:00:52Z" finished-at="2019-04-30T01:01:11Z">
    <groups>
    </groups>
    <test name="Bank Manager login test" duration-ms="3335" started-at="2019-04-30T01:00:52Z" finished-at="2019-04-30T01:00:55Z">
      <class name="com.rakesh.testCases.BankManagerLoginTest">
        <test-method status="PASS" signature="bankManagerLoginTest()[pri:0, instance:com.rakesh.testCases.BankManagerLoginTest@f5acb9d]" name="bankManagerLoginTest" duration-ms="3120" started-at="2019-04-29T20:00:52Z" finished-at="2019-04-29T20:00:55Z">
          <reporter-output>
          </reporter-output>
        </test-method> <!-- bankManagerLoginTest -->
      </class> <!-- com.rakesh.testCases.BankManagerLoginTest -->
    </test> <!-- Bank Manager login test -->
    <test name="Add customer test" duration-ms="8134" started-at="2019-04-30T01:00:55Z" finished-at="2019-04-30T01:01:03Z">
      <class name="com.rakesh.testCases.AddCustomerTest">
        <test-method status="PASS" signature="addCustomerTest(java.util.Hashtable)[pri:0, instance:com.rakesh.testCases.AddCustomerTest@37d4349f]" name="addCustomerTest" duration-ms="2966" started-at="2019-04-29T20:00:55Z" data-provider="dp" finished-at="2019-04-29T20:00:58Z">
          <params>
            <param index="0">
              <value>
                <![CDATA[{postCode=sfwr34d, lastName=kumar, runMode=Y, firstName=manish, alertText=Customer added successfully}]]>
              </value>
            </param>
          </params>
          <reporter-output>
          </reporter-output>
        </test-method> <!-- addCustomerTest -->
        <test-method status="SKIP" signature="addCustomerTest(java.util.Hashtable)[pri:0, instance:com.rakesh.testCases.AddCustomerTest@37d4349f]" name="addCustomerTest" duration-ms="1" started-at="2019-04-29T20:00:58Z" data-provider="dp" finished-at="2019-04-29T20:00:58Z">
          <params>
            <param index="0">
              <value>
                <![CDATA[{postCode=sfwr34d, lastName=kumar, runMode=N, firstName=rakesh, alertText=Customer added successfully}]]>
              </value>
            </param>
          </params>
          <exception class="org.testng.SkipException">
            <message>
              <![CDATA[Skipping the test addCustomerTestas the run mode is No]]>
            </message>
            <full-stacktrace>
              <![CDATA[org.testng.SkipException: Skipping the test addCustomerTestas the run mode is No
	at com.rakesh.testCases.AddCustomerTest.addCustomerTest(AddCustomerTest.java:23)
	at sun.reflect.NativeMethodAccessorImpl.invoke0(Native Method)
	at sun.reflect.NativeMethodAccessorImpl.invoke(NativeMethodAccessorImpl.java:62)
	at sun.reflect.DelegatingMethodAccessorImpl.invoke(DelegatingMethodAccessorImpl.java:43)
	at java.lang.reflect.Method.invoke(Method.java:498)
	at org.testng.internal.MethodInvocationHelper.invokeMethod(MethodInvocationHelper.java:108)
	at org.testng.internal.Invoker.invokeMethod(Invoker.java:661)
	at org.testng.internal.Invoker.invokeTestMethod(Invoker.java:869)
	at org.testng.internal.Invoker.invokeTestMethods(Invoker.java:1193)
	at org.testng.internal.TestMethodWorker.invokeTestMethods(TestMethodWorker.java:126)
	at org.testng.internal.TestMethodWorker.run(TestMethodWorker.java:109)
	at org.testng.TestRunner.privateRun(TestRunner.java:744)
	at org.testng.TestRunner.run(TestRunner.java:602)
	at org.testng.SuiteRunner.runTest(SuiteRunner.java:380)
	at org.testng.SuiteRunner.runSequentially(SuiteRunner.java:375)
	at org.testng.SuiteRunner.privateRun(SuiteRunner.java:340)
	at org.testng.SuiteRunner.run(SuiteRunner.java:289)
	at org.testng.SuiteRunnerWorker.runSuite(SuiteRunnerWorker.java:52)
	at org.testng.SuiteRunnerWorker.run(SuiteRunnerWorker.java:86)
	at org.testng.TestNG.runSuitesSequentially(TestNG.java:1301)
	at org.testng.TestNG.runSuitesLocally(TestNG.java:1226)
	at org.testng.TestNG.runSuites(TestNG.java:1144)
	at org.testng.TestNG.run(TestNG.java:1115)
	at org.apache.maven.surefire.testng.TestNGExecutor.run(TestNGExecutor.java:283)
	at org.apache.maven.surefire.testng.TestNGXmlTestSuite.execute(TestNGXmlTestSuite.java:75)
	at org.apache.maven.surefire.testng.TestNGProvider.invoke(TestNGProvider.java:120)
	at org.apache.maven.surefire.booter.ForkedBooter.invokeProviderInSameClassLoader(ForkedBooter.java:384)
	at org.apache.maven.surefire.booter.ForkedBooter.runSuitesInProcess(ForkedBooter.java:345)
	at org.apache.maven.surefire.booter.ForkedBooter.execute(ForkedBooter.java:126)
	at org.apache.maven.surefire.booter.ForkedBooter.main(ForkedBooter.java:418)
]]>
            </full-stacktrace>
          </exception> <!-- org.testng.SkipException -->
          <reporter-output>
          </reporter-output>
        </test-method> <!-- addCustomerTest -->
        <test-method status="PASS" signature="addCustomerTest(java.util.Hashtable)[pri:0, instance:com.rakesh.testCases.AddCustomerTest@37d4349f]" name="addCustomerTest" duration-ms="2426" started-at="2019-04-29T20:00:58Z" data-provider="dp" finished-at="2019-04-29T20:01:00Z">
          <params>
            <param index="0">
              <value>
                <![CDATA[{postCode=sfwr34d, lastName=kumar, runMode=Y, firstName=sudesh, alertText=Customer added successfully}]]>
              </value>
            </param>
          </params>
          <reporter-output>
          </reporter-output>
        </test-method> <!-- addCustomerTest -->
        <test-method status="PASS" signature="addCustomerTest(java.util.Hashtable)[pri:0, instance:com.rakesh.testCases.AddCustomerTest@37d4349f]" name="addCustomerTest" duration-ms="2508" started-at="2019-04-29T20:01:00Z" data-provider="dp" finished-at="2019-04-29T20:01:03Z">
          <params>
            <param index="0">
              <value>
                <![CDATA[{postCode=sfwr34d, lastName=kumar, runMode=Y, firstName=naveen, alertText=Customer added successfully}]]>
              </value>
            </param>
          </params>
          <reporter-output>
          </reporter-output>
        </test-method> <!-- addCustomerTest -->
      </class> <!-- com.rakesh.testCases.AddCustomerTest -->
    </test> <!-- Add customer test -->
    <test name="Open Account test" duration-ms="8377" started-at="2019-04-30T01:01:03Z" finished-at="2019-04-30T01:01:11Z">
      <class name="com.rakesh.testCases.OpenAccountTest">
        <test-method status="PASS" signature="setUp()[pri:0, instance:com.rakesh.testCases.OpenAccountTest@3c7f66c4]" name="setUp" is-config="true" duration-ms="6223" started-at="2019-04-29T20:00:45Z" finished-at="2019-04-29T20:00:52Z">
          <reporter-output>
          </reporter-output>
        </test-method> <!-- setUp -->
        <test-method status="PASS" signature="openAccountTest(java.util.Hashtable)[pri:0, instance:com.rakesh.testCases.OpenAccountTest@3c7f66c4]" name="openAccountTest" duration-ms="3077" started-at="2019-04-29T20:01:03Z" data-provider="dp" finished-at="2019-04-29T20:01:06Z">
          <params>
            <param index="0">
              <value>
                <![CDATA[{currency=Rupee, runMode=Y, alertMessage=Account created successfully, customer=manish kumar}]]>
              </value>
            </param>
          </params>
          <reporter-output>
          </reporter-output>
        </test-method> <!-- openAccountTest -->
        <test-method status="SKIP" signature="openAccountTest(java.util.Hashtable)[pri:0, instance:com.rakesh.testCases.OpenAccountTest@3c7f66c4]" name="openAccountTest" duration-ms="1" started-at="2019-04-29T20:01:06Z" data-provider="dp" finished-at="2019-04-29T20:01:06Z">
          <params>
            <param index="0">
              <value>
                <![CDATA[{currency=Rupee, runMode=N, alertMessage=Account created successfully, customer=rakesh kumar}]]>
              </value>
            </param>
          </params>
          <exception class="org.testng.SkipException">
            <message>
              <![CDATA[Skipping the test addCustomerTestas the run mode is No]]>
            </message>
            <full-stacktrace>
              <![CDATA[org.testng.SkipException: Skipping the test addCustomerTestas the run mode is No
	at com.rakesh.testCases.OpenAccountTest.openAccountTest(OpenAccountTest.java:23)
	at sun.reflect.NativeMethodAccessorImpl.invoke0(Native Method)
	at sun.reflect.NativeMethodAccessorImpl.invoke(NativeMethodAccessorImpl.java:62)
	at sun.reflect.DelegatingMethodAccessorImpl.invoke(DelegatingMethodAccessorImpl.java:43)
	at java.lang.reflect.Method.invoke(Method.java:498)
	at org.testng.internal.MethodInvocationHelper.invokeMethod(MethodInvocationHelper.java:108)
	at org.testng.internal.Invoker.invokeMethod(Invoker.java:661)
	at org.testng.internal.Invoker.invokeTestMethod(Invoker.java:869)
	at org.testng.internal.Invoker.invokeTestMethods(Invoker.java:1193)
	at org.testng.internal.TestMethodWorker.invokeTestMethods(TestMethodWorker.java:126)
	at org.testng.internal.TestMethodWorker.run(TestMethodWorker.java:109)
	at org.testng.TestRunner.privateRun(TestRunner.java:744)
	at org.testng.TestRunner.run(TestRunner.java:602)
	at org.testng.SuiteRunner.runTest(SuiteRunner.java:380)
	at org.testng.SuiteRunner.runSequentially(SuiteRunner.java:375)
	at org.testng.SuiteRunner.privateRun(SuiteRunner.java:340)
	at org.testng.SuiteRunner.run(SuiteRunner.java:289)
	at org.testng.SuiteRunnerWorker.runSuite(SuiteRunnerWorker.java:52)
	at org.testng.SuiteRunnerWorker.run(SuiteRunnerWorker.java:86)
	at org.testng.TestNG.runSuitesSequentially(TestNG.java:1301)
	at org.testng.TestNG.runSuitesLocally(TestNG.java:1226)
	at org.testng.TestNG.runSuites(TestNG.java:1144)
	at org.testng.TestNG.run(TestNG.java:1115)
	at org.apache.maven.surefire.testng.TestNGExecutor.run(TestNGExecutor.java:283)
	at org.apache.maven.surefire.testng.TestNGXmlTestSuite.execute(TestNGXmlTestSuite.java:75)
	at org.apache.maven.surefire.testng.TestNGProvider.invoke(TestNGProvider.java:120)
	at org.apache.maven.surefire.booter.ForkedBooter.invokeProviderInSameClassLoader(ForkedBooter.java:384)
	at org.apache.maven.surefire.booter.ForkedBooter.runSuitesInProcess(ForkedBooter.java:345)
	at org.apache.maven.surefire.booter.ForkedBooter.execute(ForkedBooter.java:126)
	at org.apache.maven.surefire.booter.ForkedBooter.main(ForkedBooter.java:418)
]]>
            </full-stacktrace>
          </exception> <!-- org.testng.SkipException -->
          <reporter-output>
          </reporter-output>
        </test-method> <!-- openAccountTest -->
        <test-method status="PASS" signature="openAccountTest(java.util.Hashtable)[pri:0, instance:com.rakesh.testCases.OpenAccountTest@3c7f66c4]" name="openAccountTest" duration-ms="2474" started-at="2019-04-29T20:01:06Z" data-provider="dp" finished-at="2019-04-29T20:01:09Z">
          <params>
            <param index="0">
              <value>
                <![CDATA[{currency=Rupee, runMode=Y, alertMessage=Account created successfully, customer=sudesh kumar}]]>
              </value>
            </param>
          </params>
          <reporter-output>
          </reporter-output>
        </test-method> <!-- openAccountTest -->
        <test-method status="PASS" signature="openAccountTest(java.util.Hashtable)[pri:0, instance:com.rakesh.testCases.OpenAccountTest@3c7f66c4]" name="openAccountTest" duration-ms="2650" started-at="2019-04-29T20:01:09Z" data-provider="dp" finished-at="2019-04-29T20:01:11Z">
          <params>
            <param index="0">
              <value>
                <![CDATA[{currency=Rupee, runMode=Y, alertMessage=Account created successfully, customer=naveen kumar}]]>
              </value>
            </param>
          </params>
          <reporter-output>
          </reporter-output>
        </test-method> <!-- openAccountTest -->
        <test-method status="PASS" signature="tearDown()[pri:0, instance:com.rakesh.testCases.OpenAccountTest@3c7f66c4]" name="tearDown" is-config="true" duration-ms="1018" started-at="2019-04-29T20:01:11Z" finished-at="2019-04-29T20:01:12Z">
          <reporter-output>
          </reporter-output>
        </test-method> <!-- tearDown -->
      </class> <!-- com.rakesh.testCases.OpenAccountTest -->
    </test> <!-- Open Account test -->
  </suite> <!-- Data Driven Basics -->
</testng-results>
