<?xml version="1.0" encoding="UTF-8"?>
<testng-results skipped="0" failed="1" ignored="0" total="2" passed="1">
  <reporter-output>
    <line>
      <![CDATA[<a target="_blank" href=Sun_Apr_21_18_07_55_CDT_2019>Screenshot</a>]]>
    </line>
    <line>
      <![CDATA[<br]]>
    </line>
    <line>
      <![CDATA[<a target="_blank" href=Sun_Apr_21_18_07_55_CDT_2019><img src=Sun_Apr_21_18_07_55_CDT_2019 height=200 width=200></img></a>]]>
    </line>
  </reporter-output>
  <suite name="Data Driven Basics" duration-ms="4183" started-at="2019-04-21T23:07:52Z" finished-at="2019-04-21T23:07:56Z">
    <groups>
    </groups>
    <test name="Bank Manager login test" duration-ms="3424" started-at="2019-04-21T23:07:52Z" finished-at="2019-04-21T23:07:56Z">
      <class name="com.rakesh.testCases.BankManagerLoginTest">
        <test-method status="FAIL" signature="loginAsBankManager()[pri:0, instance:com.rakesh.testCases.BankManagerLoginTest@8297b3a]" name="loginAsBankManager" duration-ms="3120" started-at="2019-04-21T18:07:52Z" finished-at="2019-04-21T18:07:55Z">
          <exception class="java.lang.AssertionError">
            <message>
              <![CDATA[Login not executed successfully]]>
            </message>
            <full-stacktrace>
              <![CDATA[java.lang.AssertionError: Login not executed successfully
	at org.testng.Assert.fail(Assert.java:93)
	at com.rakesh.testCases.BankManagerLoginTest.loginAsBankManager(BankManagerLoginTest.java:26)
	at sun.reflect.NativeMethodAccessorImpl.invoke0(Native Method)
	at sun.reflect.NativeMethodAccessorImpl.invoke(NativeMethodAccessorImpl.java:62)
	at sun.reflect.DelegatingMethodAccessorImpl.invoke(DelegatingMethodAccessorImpl.java:43)
	at java.lang.reflect.Method.invoke(Method.java:498)
	at org.testng.internal.MethodInvocationHelper.invokeMethod(MethodInvocationHelper.java:108)
	at org.testng.internal.Invoker.invokeMethod(Invoker.java:661)
	at org.testng.internal.Invoker.invokeTestMethod(Invoker.java:869)
	at org.testng.internal.Invoker.invokeTestMethods(Invoker.java:1193)
	at org.testng.internal.TestMethodWorker.invokeTestMethods(TestMethodWorker.java:126)
	at org.testng.internal.TestMethodWorker.run(TestMethodWorker.java:109)
	at org.testng.TestRunner.privateRun(TestRunner.java:744)
	at org.testng.TestRunner.run(TestRunner.java:602)
	at org.testng.SuiteRunner.runTest(SuiteRunner.java:380)
	at org.testng.SuiteRunner.runSequentially(SuiteRunner.java:375)
	at org.testng.SuiteRunner.privateRun(SuiteRunner.java:340)
	at org.testng.SuiteRunner.run(SuiteRunner.java:289)
	at org.testng.SuiteRunnerWorker.runSuite(SuiteRunnerWorker.java:52)
	at org.testng.SuiteRunnerWorker.run(SuiteRunnerWorker.java:86)
	at org.testng.TestNG.runSuitesSequentially(TestNG.java:1301)
	at org.testng.TestNG.runSuitesLocally(TestNG.java:1226)
	at org.testng.TestNG.runSuites(TestNG.java:1144)
	at org.testng.TestNG.run(TestNG.java:1115)
	at org.apache.maven.surefire.testng.TestNGExecutor.run(TestNGExecutor.java:283)
	at org.apache.maven.surefire.testng.TestNGXmlTestSuite.execute(TestNGXmlTestSuite.java:75)
	at org.apache.maven.surefire.testng.TestNGProvider.invoke(TestNGProvider.java:120)
	at org.apache.maven.surefire.booter.ForkedBooter.invokeProviderInSameClassLoader(ForkedBooter.java:384)
	at org.apache.maven.surefire.booter.ForkedBooter.runSuitesInProcess(ForkedBooter.java:345)
	at org.apache.maven.surefire.booter.ForkedBooter.execute(ForkedBooter.java:126)
	at org.apache.maven.surefire.booter.ForkedBooter.main(ForkedBooter.java:418)
]]>
            </full-stacktrace>
          </exception> <!-- java.lang.AssertionError -->
          <reporter-output>
            <line>
              <![CDATA[<a target="_blank" href=Sun_Apr_21_18_07_55_CDT_2019>Screenshot</a>]]>
            </line>
            <line>
              <![CDATA[<br]]>
            </line>
            <line>
              <![CDATA[<a target="_blank" href=Sun_Apr_21_18_07_55_CDT_2019><img src=Sun_Apr_21_18_07_55_CDT_2019 height=200 width=200></img></a>]]>
            </line>
          </reporter-output>
        </test-method> <!-- loginAsBankManager -->
      </class> <!-- com.rakesh.testCases.BankManagerLoginTest -->
    </test> <!-- Bank Manager login test -->
    <test name="Add customer test" duration-ms="742" started-at="2019-04-21T23:07:56Z" finished-at="2019-04-21T23:07:56Z">
      <class name="com.rakesh.testCases.AddCustomerTest">
        <test-method status="PASS" signature="setUp()[pri:0, instance:com.rakesh.testCases.AddCustomerTest@22fcf7ab]" name="setUp" is-config="true" duration-ms="6232" started-at="2019-04-21T18:07:46Z" finished-at="2019-04-21T18:07:52Z">
          <reporter-output>
          </reporter-output>
        </test-method> <!-- setUp -->
        <test-method status="PASS" signature="AddCustomer(java.lang.String, java.lang.String, java.lang.String, java.lang.String)[pri:0, instance:com.rakesh.testCases.AddCustomerTest@22fcf7ab]" name="AddCustomer" duration-ms="732" started-at="2019-04-21T18:07:56Z" data-provider="getData" finished-at="2019-04-21T18:07:56Z">
          <params>
            <param index="0">
              <value>
                <![CDATA[manish]]>
              </value>
            </param>
            <param index="1">
              <value>
                <![CDATA[kumar]]>
              </value>
            </param>
            <param index="2">
              <value>
                <![CDATA[sfwr34d]]>
              </value>
            </param>
            <param index="3">
              <value>
                <![CDATA[Customer added successfully]]>
              </value>
            </param>
          </params>
          <reporter-output>
          </reporter-output>
        </test-method> <!-- AddCustomer -->
        <test-method status="PASS" signature="tearDown()[pri:0, instance:com.rakesh.testCases.AddCustomerTest@22fcf7ab]" name="tearDown" is-config="true" duration-ms="806" started-at="2019-04-21T18:07:56Z" finished-at="2019-04-21T18:07:57Z">
          <reporter-output>
          </reporter-output>
        </test-method> <!-- tearDown -->
      </class> <!-- com.rakesh.testCases.AddCustomerTest -->
    </test> <!-- Add customer test -->
  </suite> <!-- Data Driven Basics -->
</testng-results>
