-------------------------------------------------------------------------------
Test set: TestSuite
-------------------------------------------------------------------------------
Tests run: 2, Failures: 1, Errors: 0, Skipped: 0, Time elapsed: 12.19 s <<< FAILURE! - in TestSuite
loginAsBankManager(com.rakesh.testCases.BankManagerLoginTest)  Time elapsed: 3.396 s  <<< FAILURE!
java.lang.AssertionError: Login not executed successfully
	at com.rakesh.testCases.BankManagerLoginTest.loginAsBankManager(BankManagerLoginTest.java:26)

