<?xml version="1.0" encoding="UTF-8"?>
<!-- Generated by org.testng.reporters.JUnitXMLReporter -->
<testsuite hostname="RAKESHKUMAR" ignored="0" name="Bank Manager login test" tests="1" failures="1" timestamp="16 Apr 2019 01:03:22 GMT" time="3.138" errors="0">
  <testcase name="loginAsBankManager" time="3.12" classname="com.rakesh.testCases.BankManagerLoginTest">
    <failure type="java.lang.AssertionError" message="Login not executed successfully">
      <![CDATA[java.lang.AssertionError: Login not executed successfully
	at com.rakesh.testCases.BankManagerLoginTest.loginAsBankManager(BankManagerLoginTest.java:26)
... Removed 26 stack frames]]>
    </failure>
  </testcase> <!-- loginAsBankManager -->
</testsuite> <!-- Bank Manager login test -->
