<?xml version="1.0" encoding="UTF-8"?>
<testsuite name="Add customer test"
           tests="4"
           failures="0"
           errors="0"
           skipped="1"
           time="8.124">
  <properties />
  
            <testcase name="addCustomerTest" time="0.0" classname="com.rakesh.testCases.AddCustomerTest">
          <skipped />
    </testcase>
  
            <testcase name="addCustomerTest" time="2.497" classname="com.rakesh.testCases.AddCustomerTest" />
                <testcase name="addCustomerTest" time="2.554" classname="com.rakesh.testCases.AddCustomerTest" />
                <testcase name="addCustomerTest" time="3.072" classname="com.rakesh.testCases.AddCustomerTest" />
      
</testsuite>
